[debug] [2024-09-22T13:23:06.823Z] ----------------------------------------------------------------------
[debug] [2024-09-22T13:23:06.826Z] Command:       C:\Program Files\nodejs\node.exe C:\Users\krishankant sharma\AppData\Roaming\npm\node_modules\firebase-tools\lib\bin\firebase.js deploy
[debug] [2024-09-22T13:23:06.826Z] CLI Version:   13.16.0
[debug] [2024-09-22T13:23:06.827Z] Platform:      win32
[debug] [2024-09-22T13:23:06.827Z] Node Version:  v20.17.0
[debug] [2024-09-22T13:23:06.827Z] Time:          Sun Sep 22 2024 18:53:06 GMT+0530 (India Standard Time)
[debug] [2024-09-22T13:23:06.827Z] ----------------------------------------------------------------------
[debug] 
[debug] [2024-09-22T13:23:06.904Z] > command requires scopes: ["email","openid","https://www.googleapis.com/auth/cloudplatformprojects.readonly","https://www.googleapis.com/auth/firebase","https://www.googleapis.com/auth/cloud-platform"]
[debug] [2024-09-22T13:23:06.905Z] > authorizing via signed-in user (vishal.kurston@gmail.com)
[debug] [2024-09-22T13:23:06.905Z] [iam] checking project kruston-25bbb for permissions ["firebase.projects.get","firebasehosting.sites.update"]
[debug] [2024-09-22T13:23:06.907Z] > refreshing access token with scopes: []
[debug] [2024-09-22T13:23:06.908Z] >>> [apiv2][query] POST https://www.googleapis.com/oauth2/v3/token [none]
[debug] [2024-09-22T13:23:06.909Z] >>> [apiv2][body] POST https://www.googleapis.com/oauth2/v3/token [omitted]
[debug] [2024-09-22T13:23:07.267Z] <<< [apiv2][status] POST https://www.googleapis.com/oauth2/v3/token 200
[debug] [2024-09-22T13:23:07.267Z] <<< [apiv2][body] POST https://www.googleapis.com/oauth2/v3/token [omitted]
[debug] [2024-09-22T13:23:07.274Z] >>> [apiv2][query] POST https://cloudresourcemanager.googleapis.com/v1/projects/kruston-25bbb:testIamPermissions [none]
[debug] [2024-09-22T13:23:07.274Z] >>> [apiv2][(partial)header] POST https://cloudresourcemanager.googleapis.com/v1/projects/kruston-25bbb:testIamPermissions x-goog-quota-user=projects/kruston-25bbb
[debug] [2024-09-22T13:23:07.275Z] >>> [apiv2][body] POST https://cloudresourcemanager.googleapis.com/v1/projects/kruston-25bbb:testIamPermissions {"permissions":["firebase.projects.get","firebasehosting.sites.update"]}
[debug] [2024-09-22T13:23:08.776Z] <<< [apiv2][status] POST https://cloudresourcemanager.googleapis.com/v1/projects/kruston-25bbb:testIamPermissions 200
[debug] [2024-09-22T13:23:08.776Z] <<< [apiv2][body] POST https://cloudresourcemanager.googleapis.com/v1/projects/kruston-25bbb:testIamPermissions {"permissions":["firebase.projects.get","firebasehosting.sites.update"]}
[debug] [2024-09-22T13:23:08.778Z] >>> [apiv2][query] GET https://firebase.googleapis.com/v1beta1/projects/kruston-25bbb [none]
[debug] [2024-09-22T13:23:09.327Z] <<< [apiv2][status] GET https://firebase.googleapis.com/v1beta1/projects/kruston-25bbb 200
[debug] [2024-09-22T13:23:09.328Z] <<< [apiv2][body] GET https://firebase.googleapis.com/v1beta1/projects/kruston-25bbb {"projectId":"kruston-25bbb","projectNumber":"401874370838","displayName":"kruston","name":"projects/kruston-25bbb","resources":{"hostingSite":"kruston-25bbb","storageBucket":"kruston-25bbb.appspot.com","locationId":"asia-south1"},"state":"ACTIVE","etag":"1_a1c4407c-2215-48f4-aec1-48bd5a32185f"}
[info] 
[info] === Deploying to 'kruston-25bbb'...
[info] 
[info] i  deploying hosting 
[debug] [2024-09-22T13:23:09.337Z] >>> [apiv2][query] POST https://firebasehosting.googleapis.com/v1beta1/projects/-/sites/kruston-25bbb/versions [none]
[debug] [2024-09-22T13:23:09.337Z] >>> [apiv2][body] POST https://firebasehosting.googleapis.com/v1beta1/projects/-/sites/kruston-25bbb/versions {"status":"CREATED","labels":{"deployment-tool":"cli-firebase"}}
